0 info it worked if it ends with ok
1 verbose cli [ 'C:\\Program Files\\nodejs\\node.exe',
1 verbose cli   'C:\\Program Files\\nodejs\\node_modules\\npm\\bin\\npm-cli.js',
1 verbose cli   'start' ]
2 info using npm@4.1.2
3 info using node@v7.6.0
4 verbose run-script [ 'prestart', 'start', 'poststart' ]
5 info lifecycle socket-server@1.0.0~prestart: socket-server@1.0.0
6 silly lifecycle socket-server@1.0.0~prestart: no script for prestart, continuing
7 info lifecycle socket-server@1.0.0~start: socket-server@1.0.0
8 verbose lifecycle socket-server@1.0.0~start: unsafe-perm in lifecycle true
9 verbose lifecycle socket-server@1.0.0~start: PATH: C:\Program Files\nodejs\node_modules\npm\bin\node-gyp-bin;C:\Users\fengdu\workspace\js\mychat\socket-server\node_modules\.bin;C:\Program Files\Docker\Docker\Resources\bin;C:\ProgramData\Oracle\Java\javapath;C:\Python27\;C:\Python27\Scripts;C:\WINDOWS\system32;C:\WINDOWS;C:\WINDOWS\System32\Wbem;C:\WINDOWS\System32\WindowsPowerShell\v1.0\;C:\Program Files\Microsoft SQL Server\120\Tools\Binn\;C:\Program Files\Microsoft SQL Server\130\Tools\Binn\;C:\ProgramData\chocolatey\bin;C:\Program Files\Git\cmd;C:\Program Files\nodejs\;C:\Program Files\Microsoft\Web Platform Installer\;C:\Program Files\dotnet\;C:\Program Files (x86)\Microsoft Emulator Manager\1.0\;C:\Users\fengdu\AppData\Local\Programs\Python\Python36-32\Scripts\;C:\Users\fengdu\AppData\Local\Programs\Python\Python36-32\;C:\Users\fengdu\AppData\Local\Microsoft\WindowsApps;C:\Program Files (x86)\Microsoft VS Code\bin;C:\Program Files\Git\bin;C:\Users\fengdu\AppData\Local\Android\sdk\tools;C:\Users\fengdu\AppData\Local\Android\sdk\platform-tools;C:\Users\fengdu\AppData\Local\atom\bin;C:\Users\fengdu\AppData\Local\.meteor\;C:\Users\fengdu\AppData\Roaming\npm;C:\Program Files\MongoDB\Server\3.2\bin
10 verbose lifecycle socket-server@1.0.0~start: CWD: C:\Users\fengdu\workspace\js\mychat\socket-server
11 silly lifecycle socket-server@1.0.0~start: Args: [ '/d /s /c', 'nodemon index.js' ]
12 silly lifecycle socket-server@1.0.0~start: Returned: code: 3221225786  signal: null
13 info lifecycle socket-server@1.0.0~start: Failed to exec start script
14 verbose stack Error: socket-server@1.0.0 start: `nodemon index.js`
14 verbose stack Exit status 3221225786
14 verbose stack     at EventEmitter.<anonymous> (C:\Program Files\nodejs\node_modules\npm\lib\utils\lifecycle.js:279:16)
14 verbose stack     at emitTwo (events.js:106:13)
14 verbose stack     at EventEmitter.emit (events.js:192:7)
14 verbose stack     at ChildProcess.<anonymous> (C:\Program Files\nodejs\node_modules\npm\lib\utils\spawn.js:40:14)
14 verbose stack     at emitTwo (events.js:106:13)
14 verbose stack     at ChildProcess.emit (events.js:192:7)
14 verbose stack     at maybeClose (internal/child_process.js:890:16)
14 verbose stack     at Process.ChildProcess._handle.onexit (internal/child_process.js:226:5)
15 verbose pkgid socket-server@1.0.0
16 verbose cwd C:\Users\fengdu\workspace\js\mychat\socket-server
17 error Windows_NT 10.0.14393
18 error argv "C:\\Program Files\\nodejs\\node.exe" "C:\\Program Files\\nodejs\\node_modules\\npm\\bin\\npm-cli.js" "start"
19 error node v7.6.0
20 error npm  v4.1.2
21 error code ELIFECYCLE
22 error socket-server@1.0.0 start: `nodemon index.js`
22 error Exit status 3221225786
23 error Failed at the socket-server@1.0.0 start script 'nodemon index.js'.
23 error Make sure you have the latest version of node.js and npm installed.
23 error If you do, this is most likely a problem with the socket-server package,
23 error not with npm itself.
23 error Tell the author that this fails on your system:
23 error     nodemon index.js
23 error You can get information on how to open an issue for this project with:
23 error     npm bugs socket-server
23 error Or if that isn't available, you can get their info via:
23 error     npm owner ls socket-server
23 error There is likely additional logging output above.
24 verbose exit [ 1, true ]
